groovy.util.ConfigObject@4d0a5970groovy.util.ConfigObject@4d0a5970groovy.util.ConfigObject@4d0a5970groovy.util.ConfigObject@4d0a5970groovy.util.ConfigObject@4d0a5970groovy.util.ConfigObject@4d0a5970groovy.util.ConfigObject@4d0a5970groovy.util.ConfigObject@4d0a5970groovy.util.ConfigObject@4d0a5970groovy.util.ConfigObject@4d0a5970groovy.util.ConfigObject@4d0a5970groovy.util.ConfigObject@4d0a5970groovy.util.ConfigObject@4d0a5970groovy.util.ConfigObject@4d0a5970groovy.util.ConfigObject@4d0a5970groovy.util.ConfigObject@4d0a5970groovy.util.ConfigObject@4d0a5970groovy.util.ConfigObject@4d0a5970groovy.util.ConfigObject@4d0a5970groovy.util.ConfigObject@4d0a5970groovy.util.ConfigObject@4d0a5970groovy.util.ConfigObject@4d0a5970groovy.util.ConfigObject@4d0a5970groovy.util.ConfigObject@4d0a5970groovy.util.ConfigObject@4d0a5970groovy.util.ConfigObject@4d0a5970groovy.util.ConfigObject@4d0a59702013-08-20/14:31:31.986 [localhost-startStop-1]  DEBUG buildtestdata.BuildTestDataService - Adding build methods to Artefact > Rfile
2013-08-20/14:31:32.409 [localhost-startStop-1]  DEBUG buildtestdata.BuildTestDataService - Adding build methods to Artefact > SpringSecurityEvent
2013-08-20/14:31:32.412 [localhost-startStop-1]  DEBUG buildtestdata.BuildTestDataService - Adding build methods to Artefact > CellLine
2013-08-20/14:31:32.414 [localhost-startStop-1]  DEBUG buildtestdata.BuildTestDataService - Adding build methods to Artefact > Dilution
2013-08-20/14:31:32.417 [localhost-startStop-1]  DEBUG buildtestdata.BuildTestDataService - Adding build methods to Artefact > Inducer
2013-08-20/14:31:32.428 [localhost-startStop-1]  DEBUG buildtestdata.BuildTestDataService - Adding build methods to Artefact > LayoutSpot
2013-08-20/14:31:32.440 [localhost-startStop-1]  DEBUG buildtestdata.BuildTestDataService - Adding build methods to Artefact > LysisBuffer
2013-08-20/14:31:32.442 [localhost-startStop-1]  DEBUG buildtestdata.BuildTestDataService - Adding build methods to Artefact > NumberOfCellsSeeded
2013-08-20/14:31:32.444 [localhost-startStop-1]  DEBUG buildtestdata.BuildTestDataService - Adding build methods to Artefact > PlateLayout
2013-08-20/14:31:32.455 [localhost-startStop-1]  DEBUG buildtestdata.BuildTestDataService - Adding build methods to Artefact > SlideLayout
2013-08-20/14:31:32.459 [localhost-startStop-1]  DEBUG buildtestdata.BuildTestDataService - Adding build methods to Artefact > SpotType
2013-08-20/14:31:32.461 [localhost-startStop-1]  DEBUG buildtestdata.BuildTestDataService - Adding build methods to Artefact > Treatment
2013-08-20/14:31:32.463 [localhost-startStop-1]  DEBUG buildtestdata.BuildTestDataService - Adding build methods to Artefact > WellLayout
2013-08-20/14:31:32.468 [localhost-startStop-1]  DEBUG buildtestdata.BuildTestDataService - Adding build methods to Artefact > Experiment
2013-08-20/14:31:32.472 [localhost-startStop-1]  DEBUG buildtestdata.BuildTestDataService - Adding build methods to Artefact > Project
2013-08-20/14:31:32.475 [localhost-startStop-1]  DEBUG buildtestdata.BuildTestDataService - Adding build methods to Artefact > Identifier
2013-08-20/14:31:32.484 [localhost-startStop-1]  DEBUG buildtestdata.BuildTestDataService - Adding build methods to Artefact > Sample
2013-08-20/14:31:32.486 [localhost-startStop-1]  DEBUG buildtestdata.BuildTestDataService - Adding build methods to Artefact > Antibody
2013-08-20/14:31:32.489 [localhost-startStop-1]  DEBUG buildtestdata.BuildTestDataService - Adding build methods to Artefact > BlockShift
2013-08-20/14:31:32.491 [localhost-startStop-1]  DEBUG buildtestdata.BuildTestDataService - Adding build methods to Artefact > ResultFile
2013-08-20/14:31:32.493 [localhost-startStop-1]  DEBUG buildtestdata.BuildTestDataService - Adding build methods to Artefact > ResultFileConfig
2013-08-20/14:31:32.496 [localhost-startStop-1]  DEBUG buildtestdata.BuildTestDataService - Adding build methods to Artefact > Slide
2013-08-20/14:31:32.503 [localhost-startStop-1]  DEBUG buildtestdata.BuildTestDataService - Adding build methods to Artefact > Spot
2013-08-20/14:31:32.507 [localhost-startStop-1]  DEBUG buildtestdata.BuildTestDataService - Adding build methods to Artefact > Person
2013-08-20/14:31:32.516 [localhost-startStop-1]  DEBUG buildtestdata.BuildTestDataService - Adding build methods to Artefact > PersonRole
2013-08-20/14:31:32.518 [localhost-startStop-1]  DEBUG buildtestdata.BuildTestDataService - Adding build methods to Artefact > Role
2013-08-20/14:31:33.815 [localhost-startStop-1]  INFO  databasemigration.MigrationRunner - updateOnStart disabled; not running migrations
2013-08-20/15:01:38.366 [localhost-startStop-1]  DEBUG buildtestdata.BuildTestDataService - Adding build methods to Artefact > Rfile
2013-08-20/15:01:38.832 [localhost-startStop-1]  DEBUG buildtestdata.BuildTestDataService - Adding build methods to Artefact > SpringSecurityEvent
2013-08-20/15:01:38.835 [localhost-startStop-1]  DEBUG buildtestdata.BuildTestDataService - Adding build methods to Artefact > CellLine
2013-08-20/15:01:38.838 [localhost-startStop-1]  DEBUG buildtestdata.BuildTestDataService - Adding build methods to Artefact > Dilution
2013-08-20/15:01:38.841 [localhost-startStop-1]  DEBUG buildtestdata.BuildTestDataService - Adding build methods to Artefact > Inducer
2013-08-20/15:01:38.851 [localhost-startStop-1]  DEBUG buildtestdata.BuildTestDataService - Adding build methods to Artefact > LayoutSpot
2013-08-20/15:01:38.864 [localhost-startStop-1]  DEBUG buildtestdata.BuildTestDataService - Adding build methods to Artefact > LysisBuffer
2013-08-20/15:01:38.866 [localhost-startStop-1]  DEBUG buildtestdata.BuildTestDataService - Adding build methods to Artefact > NumberOfCellsSeeded
2013-08-20/15:01:38.868 [localhost-startStop-1]  DEBUG buildtestdata.BuildTestDataService - Adding build methods to Artefact > PlateLayout
2013-08-20/15:01:38.880 [localhost-startStop-1]  DEBUG buildtestdata.BuildTestDataService - Adding build methods to Artefact > SlideLayout
2013-08-20/15:01:38.883 [localhost-startStop-1]  DEBUG buildtestdata.BuildTestDataService - Adding build methods to Artefact > SpotType
2013-08-20/15:01:38.885 [localhost-startStop-1]  DEBUG buildtestdata.BuildTestDataService - Adding build methods to Artefact > Treatment
2013-08-20/15:01:38.888 [localhost-startStop-1]  DEBUG buildtestdata.BuildTestDataService - Adding build methods to Artefact > WellLayout
2013-08-20/15:01:38.891 [localhost-startStop-1]  DEBUG buildtestdata.BuildTestDataService - Adding build methods to Artefact > Experiment
2013-08-20/15:01:38.895 [localhost-startStop-1]  DEBUG buildtestdata.BuildTestDataService - Adding build methods to Artefact > Project
2013-08-20/15:01:38.899 [localhost-startStop-1]  DEBUG buildtestdata.BuildTestDataService - Adding build methods to Artefact > Identifier
2013-08-20/15:01:38.907 [localhost-startStop-1]  DEBUG buildtestdata.BuildTestDataService - Adding build methods to Artefact > Sample
2013-08-20/15:01:38.910 [localhost-startStop-1]  DEBUG buildtestdata.BuildTestDataService - Adding build methods to Artefact > Antibody
2013-08-20/15:01:38.912 [localhost-startStop-1]  DEBUG buildtestdata.BuildTestDataService - Adding build methods to Artefact > BlockShift
2013-08-20/15:01:38.914 [localhost-startStop-1]  DEBUG buildtestdata.BuildTestDataService - Adding build methods to Artefact > ResultFile
2013-08-20/15:01:38.916 [localhost-startStop-1]  DEBUG buildtestdata.BuildTestDataService - Adding build methods to Artefact > ResultFileConfig
2013-08-20/15:01:38.920 [localhost-startStop-1]  DEBUG buildtestdata.BuildTestDataService - Adding build methods to Artefact > Slide
2013-08-20/15:01:38.925 [localhost-startStop-1]  DEBUG buildtestdata.BuildTestDataService - Adding build methods to Artefact > Spot
2013-08-20/15:01:38.928 [localhost-startStop-1]  DEBUG buildtestdata.BuildTestDataService - Adding build methods to Artefact > Person
2013-08-20/15:01:38.938 [localhost-startStop-1]  DEBUG buildtestdata.BuildTestDataService - Adding build methods to Artefact > PersonRole
2013-08-20/15:01:38.941 [localhost-startStop-1]  DEBUG buildtestdata.BuildTestDataService - Adding build methods to Artefact > Role
2013-08-20/15:01:41.004 [localhost-startStop-1]  INFO  databasemigration.MigrationRunner - updateOnStart disabled; not running migrations
2013-08-20/15:04:50.192 [localhost-startStop-1]  DEBUG buildtestdata.BuildTestDataService - Adding build methods to Artefact > Rfile
2013-08-20/15:04:50.660 [localhost-startStop-1]  DEBUG buildtestdata.BuildTestDataService - Adding build methods to Artefact > SpringSecurityEvent
2013-08-20/15:04:50.663 [localhost-startStop-1]  DEBUG buildtestdata.BuildTestDataService - Adding build methods to Artefact > CellLine
2013-08-20/15:04:50.665 [localhost-startStop-1]  DEBUG buildtestdata.BuildTestDataService - Adding build methods to Artefact > Dilution
2013-08-20/15:04:50.668 [localhost-startStop-1]  DEBUG buildtestdata.BuildTestDataService - Adding build methods to Artefact > Inducer
2013-08-20/15:04:50.679 [localhost-startStop-1]  DEBUG buildtestdata.BuildTestDataService - Adding build methods to Artefact > LayoutSpot
2013-08-20/15:04:50.689 [localhost-startStop-1]  DEBUG buildtestdata.BuildTestDataService - Adding build methods to Artefact > LysisBuffer
2013-08-20/15:04:50.692 [localhost-startStop-1]  DEBUG buildtestdata.BuildTestDataService - Adding build methods to Artefact > NumberOfCellsSeeded
2013-08-20/15:04:50.694 [localhost-startStop-1]  DEBUG buildtestdata.BuildTestDataService - Adding build methods to Artefact > PlateLayout
2013-08-20/15:04:50.705 [localhost-startStop-1]  DEBUG buildtestdata.BuildTestDataService - Adding build methods to Artefact > SlideLayout
2013-08-20/15:04:50.709 [localhost-startStop-1]  DEBUG buildtestdata.BuildTestDataService - Adding build methods to Artefact > SpotType
2013-08-20/15:04:50.711 [localhost-startStop-1]  DEBUG buildtestdata.BuildTestDataService - Adding build methods to Artefact > Treatment
2013-08-20/15:04:50.713 [localhost-startStop-1]  DEBUG buildtestdata.BuildTestDataService - Adding build methods to Artefact > WellLayout
2013-08-20/15:04:50.717 [localhost-startStop-1]  DEBUG buildtestdata.BuildTestDataService - Adding build methods to Artefact > Experiment
2013-08-20/15:04:50.721 [localhost-startStop-1]  DEBUG buildtestdata.BuildTestDataService - Adding build methods to Artefact > Project
2013-08-20/15:04:50.725 [localhost-startStop-1]  DEBUG buildtestdata.BuildTestDataService - Adding build methods to Artefact > Identifier
2013-08-20/15:04:50.734 [localhost-startStop-1]  DEBUG buildtestdata.BuildTestDataService - Adding build methods to Artefact > Sample
2013-08-20/15:04:50.737 [localhost-startStop-1]  DEBUG buildtestdata.BuildTestDataService - Adding build methods to Artefact > Antibody
2013-08-20/15:04:50.738 [localhost-startStop-1]  DEBUG buildtestdata.BuildTestDataService - Adding build methods to Artefact > BlockShift
2013-08-20/15:04:50.741 [localhost-startStop-1]  DEBUG buildtestdata.BuildTestDataService - Adding build methods to Artefact > ResultFile
2013-08-20/15:04:50.744 [localhost-startStop-1]  DEBUG buildtestdata.BuildTestDataService - Adding build methods to Artefact > ResultFileConfig
2013-08-20/15:04:50.748 [localhost-startStop-1]  DEBUG buildtestdata.BuildTestDataService - Adding build methods to Artefact > Slide
2013-08-20/15:04:50.754 [localhost-startStop-1]  DEBUG buildtestdata.BuildTestDataService - Adding build methods to Artefact > Spot
2013-08-20/15:04:50.758 [localhost-startStop-1]  DEBUG buildtestdata.BuildTestDataService - Adding build methods to Artefact > Person
2013-08-20/15:04:50.765 [localhost-startStop-1]  DEBUG buildtestdata.BuildTestDataService - Adding build methods to Artefact > PersonRole
2013-08-20/15:04:50.767 [localhost-startStop-1]  DEBUG buildtestdata.BuildTestDataService - Adding build methods to Artefact > Role
2013-08-20/15:04:52.722 [localhost-startStop-1]  INFO  databasemigration.MigrationRunner - updateOnStart disabled; not running migrations
